<?xml version="1.0" encoding="UTF-8"?>
<!-- Generated by org.testng.reporters.JUnitReportReporter -->
<testsuite hostname="MUNI-VAIO" name="generic.TestMavenJenkins" tests="1" failures="0" timestamp="14 Jan 2019 20:29:57 GMT" time="18.799" errors="0">
  <testcase name="testMavenJenkins" time="18.799" classname="generic.TestMavenJenkins"/>
</testsuite> <!-- generic.TestMavenJenkins -->
